# JRE version: Java(TM) SE Runtime Environment (8.0_161-b12) (build 1.8.0_161-b12)
# Java VM: Java HotSpot(TM) 64-Bit Server VM (25.161-b12 mixed mode windows-amd64 compressed oops)
Heap:
 PSYoungGen      total 196096K, used 34281K [0x00000000eab00000, 0x00000000f7900000, 0x0000000100000000)
  eden space 184320K, 12% used [0x00000000eab00000,0x00000000ec16cc78,0x00000000f5f00000)
  from space 11776K, 96% used [0x00000000f6d80000,0x00000000f788dad0,0x00000000f7900000)
  to   space 13312K, 0% used [0x00000000f5f00000,0x00000000f5f00000,0x00000000f6c00000)
 ParOldGen       total 98816K, used 17190K [0x00000000c0000000, 0x00000000c6080000, 0x00000000eab00000)
  object space 98816K, 17% used [0x00000000c0000000,0x00000000c10c9a78,0x00000000c6080000)
 Metaspace       used 42104K, capacity 42802K, committed 43048K, reserved 1085440K
  class space    used 5917K, capacity 6145K, committed 6184K, reserved 1048576K
GC Heap History (10 events):
Event: 5.341 GC heap before
{Heap before GC invocations=8 (full 1):
 PSYoungGen      total 109056K, used 109014K [0x00000000eab00000, 0x00000000f3e00000, 0x0000000100000000)
  eden space 101376K, 100% used [0x00000000eab00000,0x00000000f0e00000,0x00000000f0e00000)
  from space 7680K, 99% used [0x00000000f3680000,0x00000000f3df5928,0x00000000f3e00000)
  to   space 9728K, 0% used [0x00000000f2b00000,0x00000000f2b00000,0x00000000f3480000)
 ParOldGen       total 61440K, used 7761K [0x00000000c0000000, 0x00000000c3c00000, 0x00000000eab00000)
  object space 61440K, 12% used [0x00000000c0000000,0x00000000c0794678,0x00000000c3c00000)
 Metaspace       used 31936K, capacity 32424K, committed 32768K, reserved 1077248K
  class space    used 4646K, capacity 4783K, committed 4864K, reserved 1048576K
Event: 5.353 GC heap after
Heap after GC invocations=8 (full 1):
 PSYoungGen      total 140800K, used 9721K [0x00000000eab00000, 0x00000000f5680000, 0x0000000100000000)
  eden space 131072K, 0% used [0x00000000eab00000,0x00000000eab00000,0x00000000f2b00000)
  from space 9728K, 99% used [0x00000000f2b00000,0x00000000f347e630,0x00000000f3480000)
  to   space 12288K, 0% used [0x00000000f4a80000,0x00000000f4a80000,0x00000000f5680000)
 ParOldGen       total 61440K, used 10499K [0x00000000c0000000, 0x00000000c3c00000, 0x00000000eab00000)
  object space 61440K, 17% used [0x00000000c0000000,0x00000000c0a40c60,0x00000000c3c00000)
 Metaspace       used 31936K, capacity 32424K, committed 32768K, reserved 1077248K
  class space    used 4646K, capacity 4783K, committed 4864K, reserved 1048576K
}
Event: 5.777 GC heap before
{Heap before GC invocations=9 (full 1):
 PSYoungGen      total 140800K, used 39703K [0x00000000eab00000, 0x00000000f5680000, 0x0000000100000000)
  eden space 131072K, 22% used [0x00000000eab00000,0x00000000ec8476b0,0x00000000f2b00000)
  from space 9728K, 99% used [0x00000000f2b00000,0x00000000f347e630,0x00000000f3480000)
  to   space 12288K, 0% used [0x00000000f4a80000,0x00000000f4a80000,0x00000000f5680000)
 ParOldGen       total 61440K, used 10499K [0x00000000c0000000, 0x00000000c3c00000, 0x00000000eab00000)
  object space 61440K, 17% used [0x00000000c0000000,0x00000000c0a40c60,0x00000000c3c00000)
 Metaspace       used 34820K, capacity 35414K, committed 35496K, reserved 1079296K
  class space    used 5106K, capacity 5273K, committed 5288K, reserved 1048576K
Event: 5.786 GC heap after
Heap after GC invocations=9 (full 1):
 PSYoungGen      total 162816K, used 10890K [0x00000000eab00000, 0x00000000f8400000, 0x0000000100000000)
  eden space 150528K, 0% used [0x00000000eab00000,0x00000000eab00000,0x00000000f3e00000)
  from space 12288K, 88% used [0x00000000f4a80000,0x00000000f55229e8,0x00000000f5680000)
  to   space 12800K, 0% used [0x00000000f3e00000,0x00000000f3e00000,0x00000000f4a80000)
 ParOldGen       total 61440K, used 10507K [0x00000000c0000000, 0x00000000c3c00000, 0x00000000eab00000)
  object space 61440K, 17% used [0x00000000c0000000,0x00000000c0a42c60,0x00000000c3c00000)
 Metaspace       used 34820K, capacity 35414K, committed 35496K, reserved 1079296K
  class space    used 5106K, capacity 5273K, committed 5288K, reserved 1048576K
}
Event: 5.786 GC heap before
{Heap before GC invocations=10 (full 2):
 PSYoungGen      total 162816K, used 10890K [0x00000000eab00000, 0x00000000f8400000, 0x0000000100000000)
  eden space 150528K, 0% used [0x00000000eab00000,0x00000000eab00000,0x00000000f3e00000)
  from space 12288K, 88% used [0x00000000f4a80000,0x00000000f55229e8,0x00000000f5680000)
  to   space 12800K, 0% used [0x00000000f3e00000,0x00000000f3e00000,0x00000000f4a80000)
 ParOldGen       total 61440K, used 10507K [0x00000000c0000000, 0x00000000c3c00000, 0x00000000eab00000)
  object space 61440K, 17% used [0x00000000c0000000,0x00000000c0a42c60,0x00000000c3c00000)
 Metaspace       used 34820K, capacity 35414K, committed 35496K, reserved 1079296K
  class space    used 5106K, capacity 5273K, committed 5288K, reserved 1048576K
Event: 5.862 GC heap after
Heap after GC invocations=10 (full 2):
 PSYoungGen      total 162816K, used 0K [0x00000000eab00000, 0x00000000f8400000, 0x0000000100000000)
  eden space 150528K, 0% used [0x00000000eab00000,0x00000000eab00000,0x00000000f3e00000)
  from space 12288K, 0% used [0x00000000f4a80000,0x00000000f4a80000,0x00000000f5680000)
  to   space 12800K, 0% used [0x00000000f3e00000,0x00000000f3e00000,0x00000000f4a80000)
 ParOldGen       total 98816K, used 17174K [0x00000000c0000000, 0x00000000c6080000, 0x00000000eab00000)
  object space 98816K, 17% used [0x00000000c0000000,0x00000000c10c5a78,0x00000000c6080000)
 Metaspace       used 34820K, capacity 35414K, committed 35496K, reserved 1079296K
  class space    used 5106K, capacity 5273K, committed 5288K, reserved 1048576K
}
Event: 7.039 GC heap before
{Heap before GC invocations=11 (full 2):
 PSYoungGen      total 162816K, used 150528K [0x00000000eab00000, 0x00000000f8400000, 0x0000000100000000)
  eden space 150528K, 100% used [0x00000000eab00000,0x00000000f3e00000,0x00000000f3e00000)
  from space 12288K, 0% used [0x00000000f4a80000,0x00000000f4a80000,0x00000000f5680000)
  to   space 12800K, 0% used [0x00000000f3e00000,0x00000000f3e00000,0x00000000f4a80000)
 ParOldGen       total 98816K, used 17174K [0x00000000c0000000, 0x00000000c6080000, 0x00000000eab00000)
  object space 98816K, 17% used [0x00000000c0000000,0x00000000c10c5a78,0x00000000c6080000)
 Metaspace       used 36938K, capacity 37640K, committed 37800K, reserved 1081344K
  class space    used 5304K, capacity 5514K, committed 5544K, reserved 1048576K
Event: 7.047 GC heap after
Heap after GC invocations=11 (full 2):
 PSYoungGen      total 163328K, used 7130K [0x00000000eab00000, 0x00000000f7a00000, 0x0000000100000000)
  eden space 150528K, 0% used [0x00000000eab00000,0x00000000eab00000,0x00000000f3e00000)
  from space 12800K, 55% used [0x00000000f3e00000,0x00000000f44f69e0,0x00000000f4a80000)
  to   space 12800K, 0% used [0x00000000f6d80000,0x00000000f6d80000,0x00000000f7a00000)
 ParOldGen       total 98816K, used 17182K [0x00000000c0000000, 0x00000000c6080000, 0x00000000eab00000)
  object space 98816K, 17% used [0x00000000c0000000,0x00000000c10c7a78,0x00000000c6080000)
 Metaspace       used 36938K, capacity 37640K, committed 37800K, reserved 1081344K
  class space    used 5304K, capacity 5514K, committed 5544K, reserved 1048576K
}
Event: 8.409 GC heap before
{Heap before GC invocations=12 (full 2):
 PSYoungGen      total 163328K, used 157658K [0x00000000eab00000, 0x00000000f7a00000, 0x0000000100000000)
  eden space 150528K, 100% used [0x00000000eab00000,0x00000000f3e00000,0x00000000f3e00000)
  from space 12800K, 55% used [0x00000000f3e00000,0x00000000f44f69e0,0x00000000f4a80000)
  to   space 12800K, 0% used [0x00000000f6d80000,0x00000000f6d80000,0x00000000f7a00000)
 ParOldGen       total 98816K, used 17182K [0x00000000c0000000, 0x00000000c6080000, 0x00000000eab00000)
  object space 98816K, 17% used [0x00000000c0000000,0x00000000c10c7a78,0x00000000c6080000)
 Metaspace       used 41602K, capacity 42322K, committed 42536K, reserved 1085440K
  class space    used 5882K, capacity 6113K, committed 6184K, reserved 1048576K
Event: 8.421 GC heap after
Heap after GC invocations=12 (full 2):
 PSYoungGen      total 196096K, used 11318K [0x00000000eab00000, 0x00000000f7900000, 0x0000000100000000)
  eden space 184320K, 0% used [0x00000000eab00000,0x00000000eab00000,0x00000000f5f00000)
  from space 11776K, 96% used [0x00000000f6d80000,0x00000000f788dad0,0x00000000f7900000)
  to   space 13312K, 0% used [0x00000000f5f00000,0x00000000f5f00000,0x00000000f6c00000)
 ParOldGen       total 98816K, used 17190K [0x00000000c0000000, 0x00000000c6080000, 0x00000000eab00000)
  object space 98816K, 17% used [0x00000000c0000000,0x00000000c10c9a78,0x00000000c6080000)
 Metaspace       used 41602K, capacity 42322K, committed 42536K, reserved 1085440K
  class space    used 5882K, capacity 6113K, committed 6184K, reserved 1048576K
}

